
Writing the following XPLOR-NIH inputs...
CSA restraints will be written to sln_cs.tbl
DC restraints will be written to sln_dc.tbl
Glycines detected! CSA restraints will be written to sln_cs_gly.tbl

Restraints will be scaled with the following parameters...
Backbone 15N principal components: [57.3, 81.2, 228.1]
Isotropic shift subtracted: 122.200
Backbone 15N principal components (glycine): [45.6, 66.3, 211.6]
Isotropic shift subtracted (glycine): 107.833
Error assigned to all CSA restraints: 5.0 ppm
Error assigned to all DC restraints: 0.5 ppm
Alignment order: -0.5 (Unflipped Bicelle)

Scaling CSA restraints (reduced form)...
Residue	CS	Restraint
M1	135.485	-29.522
G2*	111.167	-7.408
N4	124.741	-5.647
T5	96.102	57.996
R6	93.980	62.711
E7	107.287	33.140
L8	94.074	62.502
F9	79.635	94.589
L10	101.925	45.056
N11	103.037	42.584
F12	85.651	81.220
T13	77.612	99.084
I14	100.239	48.802
V15	96.177	57.829
L16	77.869	98.513
I17	82.340	88.578
T18	99.033	51.482
V19	89.167	73.407
I20	76.682	101.151
L21	92.475	66.056
M22	97.648	54.560
W23	84.640	83.467
L24	79.710	94.422
L25	101.925	45.056
V26	93.793	63.127
R27	77.869	98.513
S28	82.496	88.231
Y29	109.683	27.816
Q30	119.165	6.744
Y31	114.015	18.189

Scaling DC restraints...
M1	1.366	3.036
G2	0.738	1.640
N4	0.325	0.722
T5	1.387	3.082
R6	3.476	7.724
E7	2.494	5.542
L8	1.081	2.402
F9	2.645	5.878
L10	3.885	8.633
N11	2.634	5.853
F12	1.918	4.262
T13	3.864	8.587
I14	4.049	8.998
V15	2.149	4.776
L16	2.786	6.191
I17	4.366	9.702
T18	3.348	7.440
V19	1.994	4.431
I20	3.498	7.773
L21	4.484	9.964
M22	2.681	5.958
W23	2.211	4.913
L24	3.939	8.753
L25	3.885	8.633
V26	2.165	4.811
R27	2.786	6.191
S28	4.204	9.342
Y29	1.609	3.576
Q30	0.303	0.673
Y31	1.084	2.409
Detected 30 total restraints
Reserving 6 (20.0%) for R-free
R-Work: [0, 4, 5, 6, 8, 9, 10, 11, 12, 13, 14, 15, 17, 18, 19, 20, 21, 22, 23, 24, 25, 27, 28, 29]
R-free: [1, 2, 3, 7, 16, 26]
23 restraints written to sln_cs.work.tbl
1 restraints written to sln_cs_gly.work.tbl
6 restraints written to sln_cs.free.tbl
Detected 30 total restraints
Reserving 6 (20.0%) for R-free
R-Work: [0, 1, 3, 4, 5, 6, 7, 8, 10, 12, 13, 14, 15, 16, 17, 18, 20, 21, 22, 23, 26, 27, 28, 29]
R-free: [2, 9, 11, 19, 24, 25]
24 restraints written to sln_dc.work.tbl
6 restraints written to sln_dc.free.tbl
