Detected 128 files
Ranking structures according to sum of terms: DIPL_w CS_w BOND ANGL IMPR repel repel14 CDIH

Filename                               TOTAL      DIPL_w     CS_w       BOND       ANGL       IMPR       repel      repel14    CDIH       R_CSA_w    R_CSA_f    R_DC_w     R_DC_f    
../out/hybrid_45.sa                    28.32      0.00       0.00       0.65       16.18      2.67       8.45       0.36       0.01       0.5795     22.2773    0.5983     3.0401    
../out/hybrid_76.sa                    29.06      0.00       0.00       0.62       16.60      3.05       7.96       0.83       0.00       0.5737     18.9467    0.6295     0.2713    
../out/hybrid_56.sa                    33.40      0.00       0.00       0.54       16.05      3.59       11.75      1.47       0.00       0.6264     24.0430    0.5325     10.7275   
../out/hybrid_116.sa                   35.06      0.00       0.00       0.18       15.56      5.12       12.70      1.50       0.00       0.5090     27.4434    0.6028     14.8593   
../out/hybrid_9.sa                     35.49      0.02       0.00       0.82       16.99      4.88       11.50      1.26       0.02       0.6383     31.4412    0.6106     1.3361    
../out/hybrid_38.sa                    35.96      0.00       0.00       0.18       15.49      3.64       15.71      0.94       0.00       0.4376     5.2093     0.6544     1.2724    
../out/hybrid_13.sa                    36.64      0.00       0.00       0.51       16.62      6.04       11.76      1.71       0.00       0.7135     13.5559    0.5707     13.4833   
../out/hybrid_17.sa                    37.20      0.00       0.00       1.88       19.84      3.29       11.41      0.78       0.00       0.5417     35.0486    0.4944     14.7925   
../out/hybrid_2.sa                     37.81      0.31       0.00       1.60       18.15      4.25       12.41      1.09       0.00       0.6089     40.1025    0.6435     15.6936   
../out/hybrid_101.sa                   39.54      0.03       0.01       0.21       16.54      4.88       15.86      2.01       0.00       0.7094     31.0694    0.6227     7.2089    
../out/hybrid_73.sa                    39.65      0.05       0.00       0.55       16.31      4.53       15.74      2.47       0.00       0.5830     16.2936    0.6070     4.0756    
../out/hybrid_94.sa                    42.27      0.03       0.00       0.17       15.28      7.87       16.17      2.16       0.59       0.5862     25.5771    0.5857     2.1466    
../out/hybrid_119.sa                   43.58      0.16       0.20       2.02       20.13      3.50       15.97      1.60       0.00       0.5104     43.7402    0.6253     8.9675    
../out/hybrid_117.sa                   43.76      0.00       0.00       0.37       15.80      3.58       22.58      1.43       0.00       0.5961     9.8752     0.5161     16.8305   
../out/hybrid_95.sa                    44.44      0.00       0.00       1.49       18.87      6.44       16.17      1.31       0.16       0.6034     51.0414    0.6093     21.3268   
../out/hybrid_31.sa                    44.53      0.28       0.00       0.27       17.73      5.25       19.65      1.34       0.01       0.5949     11.9873    0.5088     6.8465    
../out/hybrid_70.sa                    49.25      0.00       0.25       0.79       17.74      2.91       21.82      1.63       4.11       0.5854     7.9464     0.4866     5.5956    
../out/hybrid_35.sa                    49.66      0.18       0.01       0.19       15.99      2.21       29.41      1.67       0.00       0.6965     26.7488    0.5860     13.6726   
../out/hybrid_66.sa                    50.58      0.37       0.01       0.32       17.72      9.22       21.09      1.78       0.07       0.8076     44.9567    0.6737     12.3866   
../out/hybrid_63.sa                    51.66      0.33       0.00       1.05       17.50      4.54       26.65      1.58       0.01       0.4556     8.5368     0.7472     0.5502    
../out/hybrid_69.sa                    53.64      0.22       0.00       0.55       16.51      3.37       31.24      1.75       0.00       0.5872     19.9309    0.6431     14.5339   
../out/hybrid_96.sa                    63.11      0.00       0.00       1.15       17.35      5.64       37.27      1.67       0.03       0.4924     12.0709    0.6492     1.5445    
../out/hybrid_122.sa                   65.34      0.09       0.00       1.34       19.05      13.39      26.29      1.36       3.82       0.7511     66.2211    0.6933     16.9020   
../out/hybrid_102.sa                   66.89      0.26       0.08       0.96       17.45      4.93       41.90      1.31       0.00       0.5328     21.3105    0.6546     10.3752   
../out/hybrid_39.sa                    69.68      0.07       0.00       3.57       21.67      5.12       38.16      0.99       0.10       0.5755     27.1947    0.6244     14.4592   
../out/hybrid_1.sa                     72.88      0.00       0.11       1.07       18.44      5.89       46.46      0.75       0.16       0.6181     36.2586    0.5223     12.3059   
../out/hybrid_89.sa                    75.50      1.23       0.05       3.37       20.40      4.54       44.28      1.63       0.00       0.6038     33.8232    0.7330     16.7226   
../out/hybrid_65.sa                    77.83      0.23       0.00       2.87       21.42      4.30       48.67      0.34       0.00       0.5416     20.0061    0.6100     9.8655    
../out/hybrid_86.sa                    78.66      0.47       0.01       1.77       18.09      10.99      46.51      0.65       0.17       0.6812     24.5207    0.6344     14.2113   
../out/hybrid_120.sa                   79.50      0.15       0.01       2.21       20.93      5.86       48.38      1.96       0.00       0.6186     41.4363    0.7249     10.8179   
../out/hybrid_14.sa                    82.68      0.13       0.00       0.27       15.92      7.28       58.48      0.55       0.05       0.5814     79.6836    0.6255     62.7827   
../out/hybrid_23.sa                    96.63      0.31       0.03       0.22       16.17      6.47       72.34      0.96       0.13       0.5701     6.5608     0.5519     0.4120    
../out/hybrid_110.sa                   97.02      0.82       0.08       0.18       15.69      6.40       72.40      1.45       0.00       0.6785     22.1138    0.6001     14.4500   
../out/hybrid_115.sa                   97.19      0.40       0.01       1.51       18.52      3.64       70.49      0.94       1.68       0.5634     81.8135    0.7121     39.8546   
../out/hybrid_98.sa                    100.78     0.18       0.02       0.29       18.15      8.01       71.07      1.92       1.14       0.6566     20.4325    0.7196     15.6036   
../out/hybrid_83.sa                    102.38     0.54       0.04       0.20       17.06      23.08      60.97      0.49       0.00       0.7811     48.4104    0.6909     15.2713   
../out/hybrid_108.sa                   109.94     0.10       0.00       0.83       18.36      8.88       80.56      1.21       0.00       0.5743     32.5567    0.6982     16.1236   
../out/hybrid_74.sa                    129.13     0.06       1.01       6.30       27.27      41.71      51.70      0.74       0.34       0.6527     36.9691    0.7452     8.7346    
../out/hybrid_57.sa                    132.17     0.21       0.00       3.05       23.55      14.65      89.45      1.26       0.00       0.6400     34.7138    0.5607     3.2162    
../out/hybrid_59.sa                    150.42     0.02       0.00       1.20       18.40      12.91      116.78     1.11       0.00       0.7692     29.1586    0.6082     0.8042    
../out/hybrid_0.sa                     258.28     2.75       0.00       5.09       28.31      41.40      173.40     2.56       4.77       0.5842     48.8595    0.6240     10.7417   
../out/hybrid_82.sa                    263.71     0.30       1.00       5.98       26.81      49.01      155.78     0.74       24.09      0.6698     27.6568    0.7359     13.8017   
../out/hybrid_71.sa                    294.63     6.19       0.75       9.65       41.57      28.65      206.53     1.29       0.00       0.5263     30.9566    0.5200     10.5806   
../out/hybrid_10.sa                    352.68     0.15       0.00       11.21      32.83      33.00      122.99     4.35       148.15     0.5463     36.0342    0.4971     16.1694   
../out/hybrid_79.sa                    377.86     1.18       0.02       0.21       16.06      23.17      334.68     2.24       0.30       0.7894     46.2504    0.7668     12.4134   
../out/hybrid_88.sa                    428.05     0.30       0.00       8.01       33.19      43.54      51.77      1.16       290.08     0.5625     40.5502    0.7623     8.9569    
../out/hybrid_47.sa                    460.18     2.04       0.04       4.90       31.52      56.64      44.83      5.01       315.20     0.6470     26.6571    0.6511     7.5203    
../out/hybrid_80.sa                    475.29     0.03       0.00       4.02       27.83      73.66      89.84      1.88       278.03     0.6348     33.2879    0.6714     15.3756   
../out/hybrid_81.sa                    479.96     1.79       0.10       6.88       39.22      48.08      68.83      3.50       311.56     0.6173     28.9084    0.6616     5.2541    
../out/hybrid_92.sa                    479.97     0.12       0.01       7.05       36.44      83.16      85.54      1.21       266.44     0.6804     24.8470    0.6414     16.0104   
../out/hybrid_22.sa                    484.50     0.72       0.00       4.54       26.78      56.82      50.55      4.19       340.90     0.6553     42.8446    0.6146     55.8870   
../out/hybrid_58.sa                    492.95     1.19       0.00       8.69       40.49      46.90      73.61      3.24       318.83     0.5900     15.3812    0.6548     16.3971   
../out/hybrid_78.sa                    517.29     0.35       0.61       4.96       28.88      59.95      83.18      3.94       335.42     0.6094     24.8682    0.7847     16.0676   
../out/hybrid_93.sa                    520.24     0.11       0.02       9.44       52.27      51.07      75.12      1.08       331.13     0.7128     34.0790    0.6662     24.6243   
../out/hybrid_34.sa                    551.33     0.49       0.00       6.99       36.09      68.67      97.28      4.99       336.82     0.7615     26.0767    0.8283     35.1618   
../out/hybrid_97.sa                    640.56     0.46       0.00       7.58       31.34      39.87      125.42     9.12       426.77     0.7121     14.8421    0.6059     14.6004   
../out/hybrid_123.sa                   658.61     0.01       0.02       3.14       26.80      83.01      140.17     15.02      390.44     0.5817     40.8757    0.6332     14.7448   
../out/hybrid_11.sa                    674.28     0.06       0.00       14.39      46.20      163.28     73.37      2.52       374.46     0.7171     10.1898    0.6106     5.4087    
../out/hybrid_12.sa                    693.13     0.12       0.05       8.45       34.83      108.45     120.51     7.75       412.97     0.6370     96.8138    0.7048     87.3930   
../out/hybrid_27.sa                    714.33     0.54       0.29       13.42      57.15      63.57      156.02     7.52       415.82     0.6651     10.1950    0.6356     15.6450   
../out/hybrid_49.sa                    750.79     1.82       0.00       8.42       41.78      59.05      81.90      6.23       551.59     0.6667     10.4131    0.6068     1.7964    
../out/hybrid_50.sa                    781.49     0.02       0.19       4.73       30.93      66.11      252.44     3.20       423.87     0.6423     25.8558    0.4997     18.3956   
../out/hybrid_104.sa                   798.54     0.22       0.00       11.66      47.74      81.15      217.18     3.71       436.88     0.7572     41.1539    0.6428     5.8526    
../out/hybrid_62.sa                    812.13     3.99       0.01       0.26       16.02      74.92      298.90     2.77       415.26     0.5323     39.1839    0.7299     26.8535   
../out/hybrid_114.sa                   838.56     4.71       0.11       0.19       15.72      73.44      302.16     17.00      425.23     0.6352     21.3837    0.7448     32.9984   
../out/hybrid_20.sa                    841.90     0.26       0.20       22.73      70.75      160.60     157.19     5.69       424.48     0.6021     90.1124    0.6728     51.0035   
../out/hybrid_87.sa                    862.35     0.34       0.00       23.97      94.05      143.60     140.00     6.13       454.26     0.4622     39.6300    0.6513     60.2472   
../out/hybrid_126.sa                   890.40     8.87       0.00       14.05      61.30      118.00     62.17      4.26       621.75     0.5450     48.1135    0.6945     41.3577   
../out/hybrid_67.sa                    932.27     0.15       0.26       8.02       33.37      36.24      253.64     0.96       599.63     0.7159     19.6190    0.5646     14.7336   
../out/hybrid_33.sa                    945.05     0.00       0.66       13.91      54.61      210.57     71.41      1.09       592.80     0.6265     30.2451    0.6899     22.1377   
../out/hybrid_112.sa                   978.85     0.22       0.02       9.41       30.67      116.23     508.80     2.52       310.98     0.6428     101.6968   0.6843     61.0444   
../out/hybrid_77.sa                    982.65     936.57     5.90       1.40       18.76      4.69       14.58      0.75       0.00       0.5848     33.6009    0.9569     0.3956    
../out/hybrid_52.sa                    997.40     0.49       0.14       16.59      49.09      65.55      395.58     7.08       462.88     0.6962     21.6021    0.5770     1.8393    
../out/hybrid_43.sa                    1064.10    2.16       0.03       3.17       23.26      163.74     302.99     3.50       565.25     0.6898     25.3442    0.6571     8.1315    
../out/hybrid_106.sa                   1068.81    5.78       0.01       0.32       16.75      334.09     364.24     7.50       340.12     0.8443     65.0511    0.7610     55.7188   
../out/hybrid_29.sa                    1091.22    5.88       0.20       0.23       16.72      214.70     230.44     23.45      599.60     0.6244     44.0623    0.7539     43.3859   
../out/hybrid_44.sa                    1117.41    0.83       0.51       15.65      63.16      106.68     230.81     11.68      688.09     0.7449     34.5342    0.6691     3.8571    
../out/hybrid_61.sa                    1244.37    1.59       0.00       24.79      64.47      153.65     710.31     6.26       283.30     0.7055     28.5942    0.6835     50.7739   
../out/hybrid_99.sa                    1262.19    59.55      0.21       14.12      61.56      92.89      537.89     12.38      483.59     0.5496     22.1445    0.6716     6.1324    
../out/hybrid_100.sa                   1271.05    4.69       0.00       21.10      139.75     317.67     156.34     10.83      620.67     0.6722     23.8180    0.6315     29.6104   
../out/hybrid_6.sa                     1274.59    1.58       0.27       25.68      67.19      148.25     406.54     13.47      611.61     0.6962     51.4947    0.8913     25.5328   
../out/hybrid_72.sa                    1401.92    547.79     11.01      10.54      50.55      194.69     227.13     3.34       356.87     0.6805     40.8868    0.8934     32.7040   
../out/hybrid_118.sa                   1433.09    14.32      3.56       18.21      65.32      187.60     276.70     1.74       865.64     0.6167     14.7034    0.6117     25.8827   
../out/hybrid_64.sa                    1515.76    626.38     11.24      0.22       16.30      149.48     236.03     1.66       474.45     0.7860     29.0785    1.1582     7.7242    
../out/hybrid_25.sa                    1609.64    10.98      0.00       19.47      52.93      454.15     591.03     7.61       473.47     0.6312     15.8808    0.6415     42.0058   
../out/hybrid_30.sa                    1787.25    0.00       3.50       69.03      152.11     712.51     216.84     7.56       625.70     0.6345     31.9763    0.6792     22.6088   
../out/hybrid_42.sa                    1832.76    1.91       1.73       47.15      158.58     486.72     422.50     6.27       707.90     0.6174     22.3705    0.7897     9.7660    
../out/hybrid_84.sa                    1859.77    13.52      0.00       0.40       16.35      198.53     439.34     12.31      1179.32    0.6178     26.1867    0.7823     36.3975   
../out/hybrid_124.sa                   2160.64    926.03     8.66       2.25       21.48      93.70      284.63     10.13      813.76     0.6898     27.0337    0.9701     28.7317   
../out/hybrid_113.sa                   2297.15    0.25       0.00       12.64      51.56      260.61     298.91     2.24       1670.94    0.6425     29.7652    0.7041     22.5257   
../out/hybrid_103.sa                   2314.87    939.60     6.42       0.18       15.38      42.96      314.86     16.12      979.35     0.8578     15.7303    1.1968     26.7677   
../out/hybrid_68.sa                    2725.52    2587.90    0.00       3.18       24.78      9.83       63.82      1.54       34.47      0.5641     37.0374    1.5938     9.5115    
../out/hybrid_107.sa                   2831.14    2589.76    0.16       0.20       16.14      9.65       162.85     0.71       51.67      0.6888     14.6820    1.4868     12.8115   
../out/hybrid_24.sa                    2891.85    2585.09    0.00       7.10       30.53      50.17      167.73     3.07       48.16      0.7579     26.4216    1.7983     11.0607   
../out/hybrid_125.sa                   3150.73    2588.89    0.06       6.99       38.08      58.46      103.46     3.40       351.39     0.6172     35.4722    1.5221     4.2429    
../out/hybrid_3.sa                     3197.93    2587.35    0.00       1.62       20.53      22.30      140.75     1.17       424.21     0.6689     22.7885    1.4578     20.4031   
../out/hybrid_55.sa                    3218.65    2585.19    0.00       2.39       22.26      34.48      177.64     0.56       396.13     0.6410     27.5591    1.6230     6.8025    
../out/hybrid_48.sa                    3276.44    2591.76    0.08       0.29       17.15      61.46      152.67     7.64       445.39     0.7450     18.1475    1.6579     1.7238    
../out/hybrid_105.sa                   3321.84    2594.22    1.43       0.27       16.57      83.21      142.70     7.31       476.13     0.7483     12.1102    1.5683     27.4934   
../out/hybrid_85.sa                    3344.95    2589.19    1.06       0.52       16.63      25.04      268.58     6.06       437.87     0.8095     20.5794    1.5301     11.4594   
../out/hybrid_19.sa                    3959.14    2586.35    0.00       19.30      68.19      114.17     263.45     3.13       904.55     0.7499     51.4986    1.6810     53.0492   
../out/hybrid_41.sa                    3998.57    2594.09    0.00       5.22       26.88      288.98     405.08     8.42       669.90     0.6983     29.9154    1.6111     6.3431    
../out/hybrid_109.sa                   4237.72    2585.65    0.00       21.16      53.10      158.37     788.14     8.62       622.68     0.6121     39.2589    1.7142     16.0450   
../out/hybrid_75.sa                    5572.10    2585.32    0.26       42.20      116.65     268.22     1202.48    10.14      1346.83    0.7531     41.6389    1.6236     12.4780   
../out/hybrid_53.sa                    6044.11    5736.89    0.00       4.17       25.31      27.96      83.90      4.61       161.27     0.5781     29.8081    2.3266     25.5251   
../out/hybrid_37.sa                    6140.03    5736.90    0.27       0.67       21.13      46.60      134.50     2.25       197.71     0.6163     13.2500    2.4566     42.2129   
../out/hybrid_127.sa                   6300.94    5736.20    0.00       6.68       31.47      50.57      157.16     1.45       317.41     0.5249     21.1281    2.3612     31.5548   
../out/hybrid_40.sa                    6408.31    5737.84    0.13       16.37      58.00      164.78     209.70     6.44       215.05     0.6472     47.9246    2.4814     47.4891   
../out/hybrid_91.sa                    6483.99    5736.94    0.11       0.56       16.72      58.94      302.62     3.34       364.76     0.8618     27.5586    2.4511     53.0727   
../out/hybrid_18.sa                    6668.53    5736.22    0.00       35.39      96.39      198.16     365.13     9.29       227.95     0.6517     21.3387    2.4699     28.2950   
../out/hybrid_32.sa                    6699.45    5739.13    0.00       1.81       21.52      58.64      552.31     2.30       323.74     0.5631     45.1156    2.3843     50.6866   
../out/hybrid_15.sa                    6751.17    5740.62    0.00       5.10       25.33      359.34     348.05     12.43      260.30     0.6306     21.4852    2.4704     15.2850   
../out/hybrid_28.sa                    7014.12    5738.17    0.00       2.06       21.54      77.92      424.51     2.48       747.44     0.5826     41.9859    2.4728     13.9033   
../out/hybrid_111.sa                   7280.87    5737.85    0.06       1.13       18.66      387.03     391.84     4.77       739.53     0.7882     92.5265    2.3607     44.9291   
../out/hybrid_16.sa                    7321.81    5738.30    0.21       2.07       23.23      249.80     386.38     7.17       914.65     0.6954     46.7278    2.5146     37.1994   
../out/hybrid_60.sa                    7380.87    5738.66    0.00       27.78      109.80     295.45     314.65     6.65       887.88     0.6732     26.8752    2.5020     25.3129   
../out/hybrid_4.sa                     7555.37    5736.45    0.04       33.31      107.94     261.39     448.82     12.51      954.91     0.7804     48.0051    2.4203     29.7853   
../out/hybrid_8.sa                     9353.80    8323.66    1.47       12.47      39.59      42.04      292.02     1.73       640.82     0.6580     45.4320    3.2514     32.4021   
../out/hybrid_36.sa                    9717.25    9234.86    6.14       0.18       15.36      15.60      146.34     1.39       297.38     0.7686     31.0697    3.6232     22.3625   
../out/hybrid_5.sa                     11589.54   10618.17   212.96     1.75       21.97      453.37     102.35     0.70       178.27     0.7181     45.3039    3.7504     40.5507   
../out/hybrid_121.sa                   11864.46   10616.95   216.93     21.91      86.84      202.31     251.07     4.35       464.10     0.6538     20.8338    3.6941     19.4733   
../out/hybrid_46.sa                    12571.49   10614.55   241.60     20.53      54.35      557.28     277.32     4.13       801.73     0.6998     21.9563    3.8668     15.0041   
../out/hybrid_26.sa                    12878.64   10645.96   190.83     3.11       25.17      804.87     774.01     4.72       429.97     0.8500     75.3268    3.7646     46.8399   
../out/hybrid_21.sa                    13190.69   10716.70   154.46     12.49      41.12      1202.58    170.20     3.57       889.57     0.5795     40.1867    3.7906     26.4519   
../out/hybrid_7.sa                     14564.50   13202.76   215.08     33.88      101.41     200.48     403.54     1.80       405.55     0.6150     53.9627    4.5672     19.5735   
../out/hybrid_90.sa                    15095.59   13174.98   241.76     1.56       20.85      574.67     577.52     8.64       495.61     0.6438     29.0605    4.5128     3.6396    
../out/hybrid_51.sa                    15317.54   13173.85   244.73     39.95      166.57     518.59     197.57     1.58       974.70     0.6415     62.3362    4.4845     23.9479   
../out/hybrid_54.sa                    17821.97   16352.13   220.50     31.88      134.73     180.16     148.53     2.25       751.79     0.8292     23.5732    5.4297     2.5617    

Copying ../out/hybrid_45.sa to top.0.sa and ../out/hybrid_45.sa.sa.viols
Copying ../out/hybrid_76.sa to top.1.sa and ../out/hybrid_76.sa.sa.viols
Copying ../out/hybrid_56.sa to top.2.sa and ../out/hybrid_56.sa.sa.viols
Copying ../out/hybrid_116.sa to top.3.sa and ../out/hybrid_116.sa.sa.viols
Copying ../out/hybrid_9.sa to top.4.sa and ../out/hybrid_9.sa.sa.viols
Copying ../out/hybrid_38.sa to top.5.sa and ../out/hybrid_38.sa.sa.viols
Copying ../out/hybrid_13.sa to top.6.sa and ../out/hybrid_13.sa.sa.viols
Copying ../out/hybrid_17.sa to top.7.sa and ../out/hybrid_17.sa.sa.viols
Copying ../out/hybrid_2.sa to top.8.sa and ../out/hybrid_2.sa.sa.viols
Copying ../out/hybrid_101.sa to top.9.sa and ../out/hybrid_101.sa.sa.viols

Term		Mean		Stdev
DIPL_w		0.036		0.092
CS_w		0.001		0.003
BOND		0.719		0.554
ANGL		16.802		1.243
IMPR		4.141		1.015
repel		11.951		2.428
repel14		1.195		0.467
CDIH		0.003		0.006
R_CSA_w		0.594		0.081
R_CSA_f		24.914		9.904
R_DC_w		0.596		0.048
R_DC_f		8.268		6.032
TOT		34.848		3.456

CSA Working Restraints:
RESID      RESNAME    OBS        0          1          2          3          4          5          6          7          8          9          VIOLS
1          MET        -29.52     -27.9      -25.32     -26.57     -33.81     -26.85     -28.62     -24.8      -34.12     -25.04     -34.42     0
2          GLY        -7.408     -4.725     -8.497     -3.296     -6.195     -12.11     -2.75      -5.211     -2.63      -6.991     -8.508     0
7          GLU        33.14      29.05      28.34      28.14      29.05      29.96      28.14      28.18      30.68      32.67      28.14      0
8          LEU        62.5       57.72      57.59      57.61      57.51      58.63      57.72      57.51      57.62      57.73      58.61      0
9          PHE        94.59      89.62      90.12      89.87      89.59      89.86      90.57      90.44      89.68      90.23      89.6       0
11         ASN        42.58      46.2       42.5       45.23      47.06      42.0       46.28      46.63      44.66      45.68      47.23      0
12         PHE        81.22      77.09      76.26      76.36      79.85      76.95      77.25      76.32      79.3       80.59      76.64      0
13         THR        99.08      94.15      94.68      94.97      95.04      94.2       94.61      94.47      94.13      94.12      94.21      0
14         ILE        48.8       53.01      47.79      53.76      46.46      46.04      45.15      44.37      53.56      53.57      52.42      0
15         VAL        57.83      61.58      60.74      62.7       61.11      61.47      62.65      56.71      62.58      62.6       62.82      0
16         LEU        98.51      96.2       93.51      94.36      96.71      96.43      96.53      93.71      95.34      96.84      94.42      0
17         ILE        88.58      83.67      85.96      83.63      86.97      83.66      88.64      83.72      84.0       85.0       83.82      0
18         THR        51.48      53.21      47.47      47.44      55.23      51.56      53.53      49.29      52.01      56.07      56.41      0
20         ILE        101.2      96.93      98.77      101.4      98.87      96.19*     99.96      96.74      98.67      99.15      99.01      1
21         LEU        66.06      61.65      69.94      70.36      66.08      61.2       70.26      61.6       70.06      70.84      61.33      0
22         MET        54.56      58.13      49.85      51.64      55.03      50.84      52.44      50.0       56.91      55.12      50.38      0
23         TRP        83.47      87.44      79.83      81.46      82.59      81.09      82.63      80.66      85.93      82.33      82.52      0
24         LEU        94.42      89.57      95.83      91.38      92.42      89.7       96.6       90.65      96.84      99.12      93.18      0
25         LEU        45.06      46.09      46.62      41.77      40.1       49.82      42.36      49.2       49.89      49.66      49.33      0
26         VAL        63.13      58.2       58.17      60.05      58.5       59.01      58.3       58.16      63.76      68.01      68.08      0
27         ARG        98.51      98.0       93.6       94.97      94.01      93.75      95.66      93.51      101.9      103.3      103.2      0
28         SER        88.23      84.15      88.11      93.11      92.45      84.53      91.45      83.23      84.58      83.75      83.23      0
30         GLN        6.744      4.407      1.903      3.25       11.74      1.783      5.043      1.923      10.3       11.7       1.887      0
31         TYR        18.19      14.01      23.08      14.2       13.19*     13.35      19.09      19.77      14.07      13.39      15.55      1

CSA Free Restraints:
RESID      RESNAME    OBS        0          1          2          3          4          5          6          7          8          9          VIOLS
4          ASN        -5.647     -21.64*    27.44*     -33.93*    -42.25*    -32.39*    4.121      -39.02*    -54.22*    -18.77*    43.62*     9
5          THR        58.0       -22.0*     -19.53*    -10.82*    -15.25*    -6.408*    41.67*     -52.45*    74.36*     4.216*     -18.21*    10
6          ARG        62.71      102.1*     79.06*     62.37      78.79*     31.26*     74.49*     77.67*     57.79      78.06*     64.25      7
10         LEU        45.06      51.95*     52.88*     52.61*     50.94*     44.81      55.6*      52.97*     51.87*     48.8       51.39*     8
19         VAL        73.41      76.33      66.46*     75.38      74.52      67.91*     75.05      71.94      74.02      70.36      63.27*     3
29         TYR        27.82      -14.32*    5.229*     -5.026*    -2.231*    -9.936*    11.7*      3.319*     78.41*     79.7*      66.42*     10

DC Working Restraints:
RESID      RESNAME    OBS        0          1          2          3          4          5          6          7          8          9          VIOLS
1          MET        3.036      -3.526     2.58       -3.49      -2.534*    2.723      -2.701     -2.671     -2.667     2.886      -2.685     1
2          GLY        1.64       -1.771     -2.13      1.553      -1.314     -1.186     1.141      -1.198     1.181      -2.149*    -2.13      1
5          THR        3.082      -2.613     2.701      -3.527     3.059      -3.528     2.6        -2.791     3.412      -2.676     3.554      0
6          ARG        7.724      8.217      8.213      8.194      8.183      7.959      8.148      8.17       8.21       8.228*     8.229*     2
7          GLU        5.542      6.031      6.018      5.997      6.015      5.882      6.044*     6.034      5.78       5.98       6.045*     2
8          LEU        2.402      2.85       2.857      2.8        2.867      2.73       2.9        2.868      2.745      2.887      2.894      0
9          PHE        5.878      6.334      6.272      6.372      6.23       6.383*     6.355      6.338      6.321      6.384*     6.366      2
10         LEU        8.633      9.11       9.117      9.116      9.108      8.793      9.131      9.053      9.112      9.068      9.11       0
12         PHE        4.262      4.187      4.082      4.041      4.501      4.077      4.127      4.263      4.469      4.749      4.185      0
14         ILE        8.998      9.202      8.895      9.058      8.534      8.598      8.499      8.531      9.153      9.012      9.095      0
15         VAL        4.776      5.06       5.224      5.11       4.901      4.5        4.936      4.415      5.211      4.944      5.269      0
16         LEU        6.191      6.522      6.071      6.197      6.679      6.564      6.679      6.088      6.368      6.633      6.209      0
17         ILE        9.702      10.13      9.967      10.18      10.19      10.19      10.2       10.17      9.991      10.2       10.2       0
18         THR        7.44       7.845      7.884      7.525      7.916      7.935      7.899      7.761      7.838      7.846      7.794      0
19         VAL        4.431      4.792      4.445      4.921      4.904      3.935      4.847      4.55       4.829      4.88       4.187      0
20         ILE        7.773      7.888      7.283      8.248      7.749      7.453      8.072      7.389      7.691      7.428      7.283      0
22         MET        5.958      5.912      6.436      6.158      6.416      5.466      5.863      5.82       6.237      6.358      5.842      0
23         TRP        4.913      5.346      4.829      4.74       4.908      4.457      4.938      4.562      5.351      5.427*     4.838      1
24         LEU        8.753      9.109      8.287      8.443      8.596      9.246      9.243      8.632      9.255*     8.781      9.19       1
25         LEU        8.633      8.447      8.902      8.343      8.236      8.909      8.209      8.808      8.583      8.536      8.691      0
28         SER        9.342      9.79       9.821      9.167      9.732      9.755      9.765      9.821      8.958      8.872      9.844*     1
29         TYR        3.576      4.054      3.129      4.077*     4.077*     4.021      3.827      4.029      3.902      4.085*     4.077*     4
30         GLN        0.673      1.165      -0.2299    1.097      -1.157     1.089      -0.5591    1.173      -0.2364    -1.096     1.157      0
31         TYR        2.409      2.903      1.956      2.787      -2.294     -2.187     -1.918     2.909      -2.302     2.392      2.181      0

DC Free Restraints:
RESID      RESNAME    OBS        0          1          2          3          4          5          6          7          8          9          VIOLS
4          ASN        0.722      2.517*     -1.102     -4.601*    -5.333*    -0.6328    -1.585*    -5.199*    -4.895*    3.556*     3.4*       8
11         ASN        5.853      5.652      5.559      5.592      5.342*     4.766*     5.451      5.757      5.229*     4.915*     5.915      4
13         THR        8.587      8.922      8.828      9.403*     9.38*      9.438*     9.432*     8.408      8.859      8.79       9.001      4
21         LEU        9.964      9.844      10.07      10.21      10.0       9.805      10.21      9.789      10.18      10.21      9.772      0
26         VAL        4.811      3.958*     5.127      4.733      4.5        4.575      4.539      4.507      4.448      4.589      4.971      1
27         ARG        6.191      6.857*     6.108      6.685      6.39       6.094      6.583      6.06       8.224*     9.996*     8.036*     4
